<?xml version="1.0" encoding="UTF-8"?>
<!-- Generated by org.testng.reporters.JUnitReportReporter -->
<testsuite hostname="DESKTOP-KCGGL3G" name="CreateComputer.addComputer" tests="3" failures="0" timestamp="5 Feb 2017 22:22:13 GMT" time="7.673" errors="0">
  <testcase name="SearchAndDeleteComputer" time="1.731" classname="CreateComputer.addComputer"/>
  <testcase name="AddComputer" time="3.966" classname="CreateComputer.addComputer"/>
  <testcase name="SearchAndUpdateComputer" time="1.976" classname="CreateComputer.addComputer"/>
</testsuite> <!-- CreateComputer.addComputer -->
