<?xml version="1.0" encoding="UTF-8"?>
<!-- Generated by org.testng.reporters.JUnitReportReporter -->
<testsuite hostname="DESKTOP-KCGGL3G" name="Testpackage.NewTestNGTest" tests="1" failures="0" timestamp="3 Feb 2017 05:28:37 GMT" time="11.780" errors="0">
  <testcase name="MyFirstTestNGTestCase" time="11.780" classname="Testpackage.NewTestNGTest"/>
</testsuite> <!-- Testpackage.NewTestNGTest -->
