<?xml version="1.0" encoding="UTF-8"?>
<!-- Generated by org.testng.reporters.JUnitReportReporter -->
<testsuite hostname="DESKTOP-KCGGL3G" name="CreateComputer.RegressionTest" tests="3" failures="0" timestamp="5 Feb 2017 22:50:12 GMT" time="6.126" errors="0">
  <testcase name="searchAndDeleteComputer" time="1.774" classname="CreateComputer.RegressionTest"/>
  <testcase name="addComputer" time="2.406" classname="CreateComputer.RegressionTest"/>
  <testcase name="searchAndUpdateComputer" time="1.946" classname="CreateComputer.RegressionTest"/>
</testsuite> <!-- CreateComputer.RegressionTest -->
